0 info it worked if it ends with ok
1 verbose cli [ '/usr/bin/nodejs', '/usr/bin/npm', 'run', 'devserver' ]
2 info using npm@3.10.10
3 info using node@v6.11.2
4 verbose run-script [ 'predevserver', 'devserver', 'postdevserver' ]
5 info lifecycle github-client@1.0.0~predevserver: github-client@1.0.0
6 silly lifecycle github-client@1.0.0~predevserver: no script for predevserver, continuing
7 info lifecycle github-client@1.0.0~devserver: github-client@1.0.0
8 verbose lifecycle github-client@1.0.0~devserver: unsafe-perm in lifecycle true
9 verbose lifecycle github-client@1.0.0~devserver: PATH: /usr/lib/node_modules/npm/bin/node-gyp-bin:/home/lilly/projects/github-client/node_modules/.bin:/home/lilly/bin:/home/lilly/.local/bin:/usr/local/sbin:/usr/local/bin:/usr/sbin:/usr/bin:/sbin:/bin:/usr/games:/usr/local/games:/snap/bin
10 verbose lifecycle github-client@1.0.0~devserver: CWD: /home/lilly/projects/github-client
11 silly lifecycle github-client@1.0.0~devserver: Args: [ '-c', 'webpack-dev-server --inline' ]
12 silly lifecycle github-client@1.0.0~devserver: Returned: code: 1  signal: null
13 info lifecycle github-client@1.0.0~devserver: Failed to exec devserver script
14 verbose stack Error: github-client@1.0.0 devserver: `webpack-dev-server --inline`
14 verbose stack Exit status 1
14 verbose stack     at EventEmitter.<anonymous> (/usr/lib/node_modules/npm/lib/utils/lifecycle.js:255:16)
14 verbose stack     at emitTwo (events.js:106:13)
14 verbose stack     at EventEmitter.emit (events.js:191:7)
14 verbose stack     at ChildProcess.<anonymous> (/usr/lib/node_modules/npm/lib/utils/spawn.js:40:14)
14 verbose stack     at emitTwo (events.js:106:13)
14 verbose stack     at ChildProcess.emit (events.js:191:7)
14 verbose stack     at maybeClose (internal/child_process.js:891:16)
14 verbose stack     at Process.ChildProcess._handle.onexit (internal/child_process.js:226:5)
15 verbose pkgid github-client@1.0.0
16 verbose cwd /home/lilly/projects/github-client
17 error Linux 4.4.0-92-generic
18 error argv "/usr/bin/nodejs" "/usr/bin/npm" "run" "devserver"
19 error node v6.11.2
20 error npm  v3.10.10
21 error code ELIFECYCLE
22 error github-client@1.0.0 devserver: `webpack-dev-server --inline`
22 error Exit status 1
23 error Failed at the github-client@1.0.0 devserver script 'webpack-dev-server --inline'.
23 error Make sure you have the latest version of node.js and npm installed.
23 error If you do, this is most likely a problem with the github-client package,
23 error not with npm itself.
23 error Tell the author that this fails on your system:
23 error     webpack-dev-server --inline
23 error You can get information on how to open an issue for this project with:
23 error     npm bugs github-client
23 error Or if that isn't available, you can get their info via:
23 error     npm owner ls github-client
23 error There is likely additional logging output above.
24 verbose exit [ 1, true ]
